c:\users\user\source\repos\bankomat328\bankomat328\debug\bankomat328.myform.resources
c:\users\user\source\repos\bankomat328\bankomat328\debug\bankomat328.myform1.resources
c:\users\user\source\repos\bankomat328\bankomat328\debug\bankomat328.myform2.resources
c:\users\user\source\repos\bankomat328\bankomat328\debug\bankomat328.myform3.resources
c:\users\user\source\repos\bankomat328\bankomat328\debug\bankomat328.myform6.resources
c:\users\user\source\repos\bankomat328\bankomat328\debug\bankomat328.myform7.resources
c:\users\user\source\repos\bankomat328\bankomat328\debug\bankomat328.myform8.resources
c:\users\user\source\repos\bankomat328\bankomat328\debug\vc142.pdb
c:\users\user\source\repos\bankomat328\bankomat328\debug\.netframework,version=v4.7.2.assemblyattributes.obj
c:\users\user\source\repos\bankomat328\bankomat328\debug\myform8.obj
c:\users\user\source\repos\bankomat328\bankomat328\debug\myform6.obj
c:\users\user\source\repos\bankomat328\bankomat328\debug\myform3.obj
c:\users\user\source\repos\bankomat328\bankomat328\debug\myform7.obj
c:\users\user\source\repos\bankomat328\bankomat328\debug\myform2.obj
c:\users\user\source\repos\bankomat328\bankomat328\debug\myform1.obj
c:\users\user\source\repos\bankomat328\bankomat328\debug\myform.obj
c:\users\user\source\repos\bankomat328\bankomat328\debug\base.obj
c:\users\user\source\repos\bankomat328\debug\bankomat328.exe
c:\users\user\source\repos\bankomat328\debug\bankomat328.pdb
c:\users\user\source\repos\bankomat328\bankomat328\debug\bankomat328.tlog\bankomat328.write.1u.tlog
c:\users\user\source\repos\bankomat328\bankomat328\debug\bankomat328.tlog\cl.command.1.tlog
c:\users\user\source\repos\bankomat328\bankomat328\debug\bankomat328.tlog\cl.read.1.tlog
c:\users\user\source\repos\bankomat328\bankomat328\debug\bankomat328.tlog\cl.write.1.tlog
c:\users\user\source\repos\bankomat328\bankomat328\debug\bankomat328.tlog\link.command.1.tlog
c:\users\user\source\repos\bankomat328\bankomat328\debug\bankomat328.tlog\link.read.1.tlog
c:\users\user\source\repos\bankomat328\bankomat328\debug\bankomat328.tlog\link.write.1.tlog
c:\users\user\source\repos\bankomat328\bankomat328\debug\bankomat328.tlog\metagen.read.1.tlog
c:\users\user\source\repos\bankomat328\bankomat328\debug\bankomat328.tlog\metagen.write.1.tlog
